E:\SOFTWARE DATA\ZXING - 副本\CLI\BLUID\ZXING.DIR\DEBUG\BUFFERBITMAPSOURCE.OBJ
E:\SOFTWARE DATA\ZXING - 副本\CLI\BLUID\ZXING.DIR\DEBUG\IMAGEREADERSOURCE.OBJ
E:\SOFTWARE DATA\ZXING - 副本\CLI\BLUID\ZXING.DIR\DEBUG\JPGD.OBJ
E:\SOFTWARE DATA\ZXING - 副本\CLI\BLUID\ZXING.DIR\DEBUG\LODEPNG.OBJ
E:\SOFTWARE DATA\ZXING - 副本\CLI\BLUID\ZXING.DIR\DEBUG\MAIN.OBJ
E:\SOFTWARE DATA\ZXING - 副本\CLI\BLUID\ZXING.DIR\DEBUG\VC100.PDB
E:\SOFTWARE DATA\ZXING - 副本\CLI\BLUID\ZXING.DIR\DEBUG\ZXING.EXE.EMBED.MANIFEST
E:\SOFTWARE DATA\ZXING - 副本\CLI\BLUID\ZXING.DIR\DEBUG\ZXING.EXE.EMBED.MANIFEST.RES
E:\SOFTWARE DATA\ZXING - 副本\CLI\BLUID\ZXING.DIR\DEBUG\ZXING.EXE.INTERMEDIATE.MANIFEST
E:\SOFTWARE DATA\ZXING\CLI\BLUID\CMAKEFILES\GENERATE.STAMP
E:\SOFTWARE DATA\ZXING\CLI\BLUID\DEBUG\ZXING.EXE
E:\SOFTWARE DATA\ZXING\CLI\BLUID\DEBUG\ZXING.ILK
E:\SOFTWARE DATA\ZXING\CLI\BLUID\DEBUG\ZXING.PDB
E:\software data\zxing\cli\bluid\zxing.dir\Debug\BufferBitmapSource.obj
E:\software data\zxing\cli\bluid\zxing.dir\Debug\cl.command.1.tlog
E:\software data\zxing\cli\bluid\zxing.dir\Debug\CL.read.1.tlog
E:\software data\zxing\cli\bluid\zxing.dir\Debug\CL.write.1.tlog
E:\software data\zxing\cli\bluid\zxing.dir\Debug\custombuild.command.1.tlog
E:\software data\zxing\cli\bluid\zxing.dir\Debug\custombuild.read.1.tlog
E:\software data\zxing\cli\bluid\zxing.dir\Debug\custombuild.write.1.tlog
E:\software data\zxing\cli\bluid\zxing.dir\Debug\ImageReaderSource.obj
E:\software data\zxing\cli\bluid\zxing.dir\Debug\jpgd.obj
E:\software data\zxing\cli\bluid\zxing.dir\Debug\link.7456.read.1.tlog
E:\software data\zxing\cli\bluid\zxing.dir\Debug\link.7456.read.2.tlog
E:\software data\zxing\cli\bluid\zxing.dir\Debug\link.7456.write.1.tlog
E:\software data\zxing\cli\bluid\zxing.dir\Debug\link.7456-cvtres.read.1.tlog
E:\software data\zxing\cli\bluid\zxing.dir\Debug\link.7456-cvtres.write.1.tlog
E:\software data\zxing\cli\bluid\zxing.dir\Debug\link.command.1.tlog
E:\software data\zxing\cli\bluid\zxing.dir\Debug\link.read.1.tlog
E:\software data\zxing\cli\bluid\zxing.dir\Debug\link.read.2.tlog
E:\software data\zxing\cli\bluid\zxing.dir\Debug\link.write.1.tlog
E:\software data\zxing\cli\bluid\zxing.dir\Debug\link-cvtres.read.1.tlog
E:\software data\zxing\cli\bluid\zxing.dir\Debug\link-cvtres.write.1.tlog
E:\software data\zxing\cli\bluid\zxing.dir\Debug\lodepng.obj
E:\software data\zxing\cli\bluid\zxing.dir\Debug\main.obj
E:\software data\zxing\cli\bluid\zxing.dir\Debug\mt.command.1.tlog
E:\software data\zxing\cli\bluid\zxing.dir\Debug\mt.read.1.tlog
E:\software data\zxing\cli\bluid\zxing.dir\Debug\mt.write.1.tlog
E:\software data\zxing\cli\bluid\zxing.dir\Debug\rc.command.1.tlog
E:\software data\zxing\cli\bluid\zxing.dir\Debug\rc.read.1.tlog
E:\software data\zxing\cli\bluid\zxing.dir\Debug\rc.write.1.tlog
E:\software data\zxing\cli\bluid\zxing.dir\Debug\vc100.pdb
E:\software data\zxing\cli\bluid\zxing.dir\Debug\zxing.exe.embed.manifest
E:\software data\zxing\cli\bluid\zxing.dir\Debug\zxing.exe.embed.manifest.res
E:\software data\zxing\cli\bluid\zxing.dir\Debug\zxing.exe.intermediate.manifest
E:\software data\zxing\cli\bluid\zxing.dir\Debug\zxing.write.1.tlog
E:\software data\zxing\cli\bluid\zxing.dir\Debug\zxing_manifest.rc
